[debug] [2021-11-18T01:49:57.338Z] ----------------------------------------------------------------------
[debug] [2021-11-18T01:49:57.340Z] Command:       /Users/patrickc410/.nvm/versions/node/v16.10.0/bin/node /Users/patrickc410/.nvm/versions/node/v16.10.0/bin/firebase emulators:start
[debug] [2021-11-18T01:49:57.340Z] CLI Version:   9.22.0
[debug] [2021-11-18T01:49:57.340Z] Platform:      darwin
[debug] [2021-11-18T01:49:57.340Z] Node Version:  v16.10.0
[debug] [2021-11-18T01:49:57.350Z] Time:          Wed Nov 17 2021 20:49:57 GMT-0500 (Eastern Standard Time)
[debug] [2021-11-18T01:49:57.350Z] ----------------------------------------------------------------------
[debug] 
[debug] [2021-11-18T01:49:57.429Z] > command requires scopes: ["email","openid","https://www.googleapis.com/auth/cloudplatformprojects.readonly","https://www.googleapis.com/auth/firebase","https://www.googleapis.com/auth/cloud-platform"]
[debug] [2021-11-18T01:49:57.429Z] > authorizing via signed-in user (pac410@gmail.com)
[info] i  emulators: Starting emulators: functions {"metadata":{"emulator":{"name":"hub"},"message":"Starting emulators: functions"}}
[debug] [2021-11-18T01:49:57.490Z] [hub] writing locator at /var/folders/lw/b9wzt9410g77l7j_mpfxp8c80000gn/T/hub-parse-cs8803mas.json
[warn] ⚠  functions: The following emulators are not running, calls to these services from the Functions emulator will affect production: auth, firestore, database, hosting, pubsub, storage {"metadata":{"emulator":{"name":"functions"},"message":"The following emulators are not running, calls to these services from the Functions emulator will affect production: \u001b[1mauth, firestore, database, hosting, pubsub, storage\u001b[22m"}}
[warn] ⚠  Your requested "node" version "14" doesn't match your global version "16" {"metadata":{"emulator":{"name":"functions"},"message":"Your requested \"node\" version \"14\" doesn't match your global version \"16\""}}
[warn] ⚠  functions: Your GOOGLE_APPLICATION_CREDENTIALS environment variable points to ./firebase/parse-cs8803mas-c83a44eabe15.json. Non-emulated services will access production using these credentials. Be careful! {"metadata":{"emulator":{"name":"functions"},"message":"Your GOOGLE_APPLICATION_CREDENTIALS environment variable points to ./firebase/parse-cs8803mas-c83a44eabe15.json. Non-emulated services will access production using these credentials. Be careful!"}}
[debug] [2021-11-18T01:49:57.560Z] >>> [apiv2][query] GET https://firebase.googleapis.com/v1beta1/projects/parse-cs8803mas/adminSdkConfig [none]
[debug] [2021-11-18T01:49:57.802Z] <<< [apiv2][status] GET https://firebase.googleapis.com/v1beta1/projects/parse-cs8803mas/adminSdkConfig 200
[debug] [2021-11-18T01:49:57.803Z] <<< [apiv2][body] GET https://firebase.googleapis.com/v1beta1/projects/parse-cs8803mas/adminSdkConfig {"projectId":"parse-cs8803mas","databaseURL":"https://parse-cs8803mas-default-rtdb.firebaseio.com","storageBucket":"parse-cs8803mas.appspot.com","locationId":"us-central"}
[info] i  ui: downloading ui-v1.6.4.zip... {"metadata":{"emulator":{"name":"ui"},"message":"downloading ui-v1.6.4.zip..."}}
[debug] [2021-11-18T01:49:58.098Z] >>> [apiv2][query] GET https://storage.googleapis.com/firebase-preview-drop/emulator/ui-v1.6.4.zip 
[debug] [2021-11-18T01:49:58.251Z] <<< [apiv2][status] GET https://storage.googleapis.com/firebase-preview-drop/emulator/ui-v1.6.4.zip 200
[debug] [2021-11-18T01:49:58.251Z] <<< [apiv2][body] GET https://storage.googleapis.com/firebase-preview-drop/emulator/ui-v1.6.4.zip [stream]
[debug] [2021-11-18T01:49:59.153Z] Ignoring unsupported arg: auto_download {"metadata":{"emulator":{"name":"ui"},"message":"Ignoring unsupported arg: auto_download"}}
[debug] [2021-11-18T01:49:59.154Z] Ignoring unsupported arg: port {"metadata":{"emulator":{"name":"ui"},"message":"Ignoring unsupported arg: port"}}
[debug] [2021-11-18T01:49:59.154Z] Starting Emulator UI with command {"binary":"node","args":["/Users/patrickc410/.cache/firebase/emulators/ui-v1.6.4/server.bundle.js"],"optionalArgs":[],"joinArgs":false} {"metadata":{"emulator":{"name":"ui"},"message":"Starting Emulator UI with command {\"binary\":\"node\",\"args\":[\"/Users/patrickc410/.cache/firebase/emulators/ui-v1.6.4/server.bundle.js\"],\"optionalArgs\":[],\"joinArgs\":false}"}}
[info] i  ui: Emulator UI logging to ui-debug.log {"metadata":{"emulator":{"name":"ui"},"message":"Emulator UI logging to \u001b[1mui-debug.log\u001b[22m"}}
[debug] [2021-11-18T01:49:59.269Z] Web / API server started at localhost:4000
 {"metadata":{"emulator":{"name":"ui"},"message":"Web / API server started at localhost:4000\n"}}
[info] i  functions: Watching "/Users/patrickc410/Documents/school/fall_2021/cs8803mas/PASRe/PARSe/functions" for Cloud Functions... {"metadata":{"emulator":{"name":"functions"},"message":"Watching \"/Users/patrickc410/Documents/school/fall_2021/cs8803mas/PASRe/PARSe/functions\" for Cloud Functions..."}}
[debug] [2021-11-18T01:49:59.430Z] [worker-pool] addWorker(~diagnostic~) {"metadata":{"emulator":{"name":"functions"},"message":"[worker-pool] addWorker(~diagnostic~)"}}
[debug] [2021-11-18T01:49:59.431Z] [worker-pool] Adding worker with key ~diagnostic~, total=1 {"metadata":{"emulator":{"name":"functions"},"message":"[worker-pool] Adding worker with key ~diagnostic~, total=1"}}
[debug] [2021-11-18T01:49:59.431Z] [worker-pool] submitWork(triggerId=) {"metadata":{"emulator":{"name":"functions"},"message":"[worker-pool] submitWork(triggerId=)"}}
[debug] [2021-11-18T01:49:59.431Z] [worker-~diagnostic~-dc57148c-d6a0-4a61-ab24-e8b284113ec2]: Assigning socketPath: /var/folders/lw/b9wzt9410g77l7j_mpfxp8c80000gn/T/fire_emu_68023.sock {"metadata":{"emulator":{"name":"functions"},"message":"[worker-~diagnostic~-dc57148c-d6a0-4a61-ab24-e8b284113ec2]: Assigning socketPath: /var/folders/lw/b9wzt9410g77l7j_mpfxp8c80000gn/T/fire_emu_68023.sock"}}
[debug] [2021-11-18T01:49:59.432Z] [worker-~diagnostic~-dc57148c-d6a0-4a61-ab24-e8b284113ec2]: BUSY {"metadata":{"emulator":{"name":"functions"},"message":"[worker-~diagnostic~-dc57148c-d6a0-4a61-ab24-e8b284113ec2]: BUSY"}}
[debug] [2021-11-18T01:49:59.579Z] [runtime-status] [68023] Functions runtime initialized. {"cwd":"/Users/patrickc410/Documents/school/fall_2021/cs8803mas/PASRe/PARSe/functions","node_version":"16.10.0"} {"metadata":{"emulator":{"name":"functions"},"message":"[runtime-status] [68023] Functions runtime initialized. {\"cwd\":\"/Users/patrickc410/Documents/school/fall_2021/cs8803mas/PASRe/PARSe/functions\",\"node_version\":\"16.10.0\"}"}}
[debug] [2021-11-18T01:49:59.580Z] [runtime-status] [68023] Disabled runtime features: undefined {"metadata":{"emulator":{"name":"functions"},"message":"[runtime-status] [68023] Disabled runtime features: undefined"}}
[debug] [2021-11-18T01:49:59.586Z] [runtime-status] [68023] Resolved module firebase-admin {"declared":true,"installed":true,"version":"9.12.0","resolution":"/Users/patrickc410/Documents/school/fall_2021/cs8803mas/PASRe/PARSe/functions/node_modules/firebase-admin/lib/index.js"} {"metadata":{"emulator":{"name":"functions"},"message":"[runtime-status] [68023] Resolved module firebase-admin {\"declared\":true,\"installed\":true,\"version\":\"9.12.0\",\"resolution\":\"/Users/patrickc410/Documents/school/fall_2021/cs8803mas/PASRe/PARSe/functions/node_modules/firebase-admin/lib/index.js\"}"}}
[debug] [2021-11-18T01:49:59.592Z] [runtime-status] [68023] Resolved module firebase-functions {"declared":true,"installed":true,"version":"3.16.0","resolution":"/Users/patrickc410/Documents/school/fall_2021/cs8803mas/PASRe/PARSe/functions/node_modules/firebase-functions/lib/index.js"} {"metadata":{"emulator":{"name":"functions"},"message":"[runtime-status] [68023] Resolved module firebase-functions {\"declared\":true,\"installed\":true,\"version\":\"3.16.0\",\"resolution\":\"/Users/patrickc410/Documents/school/fall_2021/cs8803mas/PASRe/PARSe/functions/node_modules/firebase-functions/lib/index.js\"}"}}
[debug] [2021-11-18T01:49:59.594Z] [runtime-status] [68023] Outgoing network have been stubbed. [{"name":"http","status":"mocked"},{"name":"http","status":"mocked"},{"name":"https","status":"mocked"},{"name":"https","status":"mocked"},{"name":"net","status":"mocked"}] {"metadata":{"emulator":{"name":"functions"},"message":"[runtime-status] [68023] Outgoing network have been stubbed. [{\"name\":\"http\",\"status\":\"mocked\"},{\"name\":\"http\",\"status\":\"mocked\"},{\"name\":\"https\",\"status\":\"mocked\"},{\"name\":\"https\",\"status\":\"mocked\"},{\"name\":\"net\",\"status\":\"mocked\"}]"}}
[debug] [2021-11-18T01:49:59.595Z] [runtime-status] [68023] Resolved module firebase-functions {"declared":true,"installed":true,"version":"3.16.0","resolution":"/Users/patrickc410/Documents/school/fall_2021/cs8803mas/PASRe/PARSe/functions/node_modules/firebase-functions/lib/index.js"} {"metadata":{"emulator":{"name":"functions"},"message":"[runtime-status] [68023] Resolved module firebase-functions {\"declared\":true,\"installed\":true,\"version\":\"3.16.0\",\"resolution\":\"/Users/patrickc410/Documents/school/fall_2021/cs8803mas/PASRe/PARSe/functions/node_modules/firebase-functions/lib/index.js\"}"}}
[debug] [2021-11-18T01:49:59.715Z] [runtime-status] [68023] Checked functions.config() {"config":{}} {"metadata":{"emulator":{"name":"functions"},"message":"[runtime-status] [68023] Checked functions.config() {\"config\":{}}"}}
[debug] [2021-11-18T01:49:59.715Z] [runtime-status] [68023] firebase-functions has been stubbed. {"functionsResolution":{"declared":true,"installed":true,"version":"3.16.0","resolution":"/Users/patrickc410/Documents/school/fall_2021/cs8803mas/PASRe/PARSe/functions/node_modules/firebase-functions/lib/index.js"}} {"metadata":{"emulator":{"name":"functions"},"message":"[runtime-status] [68023] firebase-functions has been stubbed. {\"functionsResolution\":{\"declared\":true,\"installed\":true,\"version\":\"3.16.0\",\"resolution\":\"/Users/patrickc410/Documents/school/fall_2021/cs8803mas/PASRe/PARSe/functions/node_modules/firebase-functions/lib/index.js\"}}"}}
[debug] [2021-11-18T01:49:59.716Z] [runtime-status] [68023] Resolved module firebase-functions {"declared":true,"installed":true,"version":"3.16.0","resolution":"/Users/patrickc410/Documents/school/fall_2021/cs8803mas/PASRe/PARSe/functions/node_modules/firebase-functions/lib/index.js"} {"metadata":{"emulator":{"name":"functions"},"message":"[runtime-status] [68023] Resolved module firebase-functions {\"declared\":true,\"installed\":true,\"version\":\"3.16.0\",\"resolution\":\"/Users/patrickc410/Documents/school/fall_2021/cs8803mas/PASRe/PARSe/functions/node_modules/firebase-functions/lib/index.js\"}"}}
[debug] [2021-11-18T01:49:59.717Z] [runtime-status] [68023] Resolved module firebase-admin {"declared":true,"installed":true,"version":"9.12.0","resolution":"/Users/patrickc410/Documents/school/fall_2021/cs8803mas/PASRe/PARSe/functions/node_modules/firebase-admin/lib/index.js"} {"metadata":{"emulator":{"name":"functions"},"message":"[runtime-status] [68023] Resolved module firebase-admin {\"declared\":true,\"installed\":true,\"version\":\"9.12.0\",\"resolution\":\"/Users/patrickc410/Documents/school/fall_2021/cs8803mas/PASRe/PARSe/functions/node_modules/firebase-admin/lib/index.js\"}"}}
[debug] [2021-11-18T01:49:59.718Z] [runtime-status] [68023] Resolved module firebase-functions {"declared":true,"installed":true,"version":"3.16.0","resolution":"/Users/patrickc410/Documents/school/fall_2021/cs8803mas/PASRe/PARSe/functions/node_modules/firebase-functions/lib/index.js"} {"metadata":{"emulator":{"name":"functions"},"message":"[runtime-status] [68023] Resolved module firebase-functions {\"declared\":true,\"installed\":true,\"version\":\"3.16.0\",\"resolution\":\"/Users/patrickc410/Documents/school/fall_2021/cs8803mas/PASRe/PARSe/functions/node_modules/firebase-functions/lib/index.js\"}"}}
[debug] [2021-11-18T01:49:59.719Z] [runtime-status] [68023] firebase-admin has been stubbed. {"adminResolution":{"declared":true,"installed":true,"version":"9.12.0","resolution":"/Users/patrickc410/Documents/school/fall_2021/cs8803mas/PASRe/PARSe/functions/node_modules/firebase-admin/lib/index.js"}} {"metadata":{"emulator":{"name":"functions"},"message":"[runtime-status] [68023] firebase-admin has been stubbed. {\"adminResolution\":{\"declared\":true,\"installed\":true,\"version\":\"9.12.0\",\"resolution\":\"/Users/patrickc410/Documents/school/fall_2021/cs8803mas/PASRe/PARSe/functions/node_modules/firebase-admin/lib/index.js\"}}"}}
[info] ✔  functions[us-central1-helloWorld]: http function initialized (http://localhost:5001/parse-cs8803mas/us-central1/helloWorld). {"metadata":{"emulator":{"name":"functions"},"message":"\u001b[1mhttp\u001b[22m function initialized (http://localhost:5001/parse-cs8803mas/us-central1/helloWorld)."}}
[debug] [2021-11-18T01:49:59.730Z] [worker-~diagnostic~-dc57148c-d6a0-4a61-ab24-e8b284113ec2]: IDLE {"metadata":{"emulator":{"name":"functions"},"message":"[worker-~diagnostic~-dc57148c-d6a0-4a61-ab24-e8b284113ec2]: IDLE"}}
[debug] [2021-11-18T01:49:59.753Z] TypeError: Cannot read properties of undefined (reading 'rows')
    at new Table (/Users/patrickc410/.nvm/versions/node/v16.10.0/lib/node_modules/firebase-tools/node_modules/cli-table/lib/index.js:51:15)
    at Command.actionFn (/Users/patrickc410/.nvm/versions/node/v16.10.0/lib/node_modules/firebase-tools/lib/commands/emulators-start.js:47:33)
    at processTicksAndRejections (node:internal/process/task_queues:96:5)
[error] 
[error] Error: An unexpected error has occurred.
[debug] [2021-11-18T01:50:59.235Z] ----------------------------------------------------------------------
[debug] [2021-11-18T01:50:59.237Z] Command:       /Users/patrickc410/.nvm/versions/node/v16.10.0/bin/node /Users/patrickc410/.nvm/versions/node/v16.10.0/bin/firebase emulators:start
[debug] [2021-11-18T01:50:59.237Z] CLI Version:   9.22.0
[debug] [2021-11-18T01:50:59.237Z] Platform:      darwin
[debug] [2021-11-18T01:50:59.237Z] Node Version:  v16.10.0
[debug] [2021-11-18T01:50:59.238Z] Time:          Wed Nov 17 2021 20:50:59 GMT-0500 (Eastern Standard Time)
[debug] [2021-11-18T01:50:59.238Z] ----------------------------------------------------------------------
[debug] 
[debug] [2021-11-18T01:50:59.289Z] > command requires scopes: ["email","openid","https://www.googleapis.com/auth/cloudplatformprojects.readonly","https://www.googleapis.com/auth/firebase","https://www.googleapis.com/auth/cloud-platform"]
[debug] [2021-11-18T01:50:59.289Z] > authorizing via signed-in user (pac410@gmail.com)
[info] i  emulators: Starting emulators: functions {"metadata":{"emulator":{"name":"hub"},"message":"Starting emulators: functions"}}
[warn] ⚠  emulators: It seems that you are running multiple instances of the emulator suite for project parse-cs8803mas. This may result in unexpected behavior. 
[debug] [2021-11-18T01:50:59.308Z] [hub] writing locator at /var/folders/lw/b9wzt9410g77l7j_mpfxp8c80000gn/T/hub-parse-cs8803mas.json
[warn] ⚠  functions: The following emulators are not running, calls to these services from the Functions emulator will affect production: auth, firestore, database, hosting, pubsub, storage {"metadata":{"emulator":{"name":"functions"},"message":"The following emulators are not running, calls to these services from the Functions emulator will affect production: \u001b[1mauth, firestore, database, hosting, pubsub, storage\u001b[22m"}}
[warn] ⚠  Your requested "node" version "14" doesn't match your global version "16" {"metadata":{"emulator":{"name":"functions"},"message":"Your requested \"node\" version \"14\" doesn't match your global version \"16\""}}
[warn] ⚠  functions: Your GOOGLE_APPLICATION_CREDENTIALS environment variable points to ./firebase/parse-cs8803mas-c83a44eabe15.json. Non-emulated services will access production using these credentials. Be careful! {"metadata":{"emulator":{"name":"functions"},"message":"Your GOOGLE_APPLICATION_CREDENTIALS environment variable points to ./firebase/parse-cs8803mas-c83a44eabe15.json. Non-emulated services will access production using these credentials. Be careful!"}}
[debug] [2021-11-18T01:50:59.349Z] >>> [apiv2][query] GET https://firebase.googleapis.com/v1beta1/projects/parse-cs8803mas/adminSdkConfig [none]
[debug] [2021-11-18T01:50:59.558Z] <<< [apiv2][status] GET https://firebase.googleapis.com/v1beta1/projects/parse-cs8803mas/adminSdkConfig 200
[debug] [2021-11-18T01:50:59.558Z] <<< [apiv2][body] GET https://firebase.googleapis.com/v1beta1/projects/parse-cs8803mas/adminSdkConfig {"projectId":"parse-cs8803mas","databaseURL":"https://parse-cs8803mas-default-rtdb.firebaseio.com","storageBucket":"parse-cs8803mas.appspot.com","locationId":"us-central"}
[warn] ⚠  ui: Emulator UI unable to start on port 4000, starting on 4001 instead. {"metadata":{"emulator":{"name":"ui"},"message":"Emulator UI unable to start on port 4000, starting on 4001 instead."}}
[debug] [2021-11-18T01:50:59.626Z] Ignoring unsupported arg: auto_download {"metadata":{"emulator":{"name":"ui"},"message":"Ignoring unsupported arg: auto_download"}}
[debug] [2021-11-18T01:50:59.626Z] Ignoring unsupported arg: port {"metadata":{"emulator":{"name":"ui"},"message":"Ignoring unsupported arg: port"}}
[debug] [2021-11-18T01:50:59.626Z] Starting Emulator UI with command {"binary":"node","args":["/Users/patrickc410/.cache/firebase/emulators/ui-v1.6.4/server.bundle.js"],"optionalArgs":[],"joinArgs":false} {"metadata":{"emulator":{"name":"ui"},"message":"Starting Emulator UI with command {\"binary\":\"node\",\"args\":[\"/Users/patrickc410/.cache/firebase/emulators/ui-v1.6.4/server.bundle.js\"],\"optionalArgs\":[],\"joinArgs\":false}"}}
[info] i  ui: Emulator UI logging to ui-debug.log {"metadata":{"emulator":{"name":"ui"},"message":"Emulator UI logging to \u001b[1mui-debug.log\u001b[22m"}}
[debug] [2021-11-18T01:50:59.727Z] Web / API server started at localhost:4001
 {"metadata":{"emulator":{"name":"ui"},"message":"Web / API server started at localhost:4001\n"}}
[info] i  functions: Watching "/Users/patrickc410/Documents/school/fall_2021/cs8803mas/PASRe/PARSe/functions" for Cloud Functions... {"metadata":{"emulator":{"name":"functions"},"message":"Watching \"/Users/patrickc410/Documents/school/fall_2021/cs8803mas/PASRe/PARSe/functions\" for Cloud Functions..."}}
[debug] [2021-11-18T01:50:59.901Z] [worker-pool] addWorker(~diagnostic~) {"metadata":{"emulator":{"name":"functions"},"message":"[worker-pool] addWorker(~diagnostic~)"}}
[debug] [2021-11-18T01:50:59.902Z] [worker-pool] Adding worker with key ~diagnostic~, total=1 {"metadata":{"emulator":{"name":"functions"},"message":"[worker-pool] Adding worker with key ~diagnostic~, total=1"}}
[debug] [2021-11-18T01:50:59.902Z] [worker-pool] submitWork(triggerId=) {"metadata":{"emulator":{"name":"functions"},"message":"[worker-pool] submitWork(triggerId=)"}}
[debug] [2021-11-18T01:50:59.903Z] [worker-~diagnostic~-a3fcf4d4-d761-4ae7-bb97-fa30556557a1]: Assigning socketPath: /var/folders/lw/b9wzt9410g77l7j_mpfxp8c80000gn/T/fire_emu_68040.sock {"metadata":{"emulator":{"name":"functions"},"message":"[worker-~diagnostic~-a3fcf4d4-d761-4ae7-bb97-fa30556557a1]: Assigning socketPath: /var/folders/lw/b9wzt9410g77l7j_mpfxp8c80000gn/T/fire_emu_68040.sock"}}
[debug] [2021-11-18T01:50:59.903Z] [worker-~diagnostic~-a3fcf4d4-d761-4ae7-bb97-fa30556557a1]: BUSY {"metadata":{"emulator":{"name":"functions"},"message":"[worker-~diagnostic~-a3fcf4d4-d761-4ae7-bb97-fa30556557a1]: BUSY"}}
[debug] [2021-11-18T01:51:00.051Z] [runtime-status] [68040] Functions runtime initialized. {"cwd":"/Users/patrickc410/Documents/school/fall_2021/cs8803mas/PASRe/PARSe/functions","node_version":"16.10.0"} {"metadata":{"emulator":{"name":"functions"},"message":"[runtime-status] [68040] Functions runtime initialized. {\"cwd\":\"/Users/patrickc410/Documents/school/fall_2021/cs8803mas/PASRe/PARSe/functions\",\"node_version\":\"16.10.0\"}"}}
[debug] [2021-11-18T01:51:00.051Z] [runtime-status] [68040] Disabled runtime features: undefined {"metadata":{"emulator":{"name":"functions"},"message":"[runtime-status] [68040] Disabled runtime features: undefined"}}
[debug] [2021-11-18T01:51:00.053Z] [runtime-status] [68040] Resolved module firebase-admin {"declared":true,"installed":true,"version":"9.12.0","resolution":"/Users/patrickc410/Documents/school/fall_2021/cs8803mas/PASRe/PARSe/functions/node_modules/firebase-admin/lib/index.js"} {"metadata":{"emulator":{"name":"functions"},"message":"[runtime-status] [68040] Resolved module firebase-admin {\"declared\":true,\"installed\":true,\"version\":\"9.12.0\",\"resolution\":\"/Users/patrickc410/Documents/school/fall_2021/cs8803mas/PASRe/PARSe/functions/node_modules/firebase-admin/lib/index.js\"}"}}
[debug] [2021-11-18T01:51:00.056Z] [runtime-status] [68040] Resolved module firebase-functions {"declared":true,"installed":true,"version":"3.16.0","resolution":"/Users/patrickc410/Documents/school/fall_2021/cs8803mas/PASRe/PARSe/functions/node_modules/firebase-functions/lib/index.js"} {"metadata":{"emulator":{"name":"functions"},"message":"[runtime-status] [68040] Resolved module firebase-functions {\"declared\":true,\"installed\":true,\"version\":\"3.16.0\",\"resolution\":\"/Users/patrickc410/Documents/school/fall_2021/cs8803mas/PASRe/PARSe/functions/node_modules/firebase-functions/lib/index.js\"}"}}
[debug] [2021-11-18T01:51:00.057Z] [runtime-status] [68040] Outgoing network have been stubbed. [{"name":"http","status":"mocked"},{"name":"http","status":"mocked"},{"name":"https","status":"mocked"},{"name":"https","status":"mocked"},{"name":"net","status":"mocked"}] {"metadata":{"emulator":{"name":"functions"},"message":"[runtime-status] [68040] Outgoing network have been stubbed. [{\"name\":\"http\",\"status\":\"mocked\"},{\"name\":\"http\",\"status\":\"mocked\"},{\"name\":\"https\",\"status\":\"mocked\"},{\"name\":\"https\",\"status\":\"mocked\"},{\"name\":\"net\",\"status\":\"mocked\"}]"}}
[debug] [2021-11-18T01:51:00.059Z] [runtime-status] [68040] Resolved module firebase-functions {"declared":true,"installed":true,"version":"3.16.0","resolution":"/Users/patrickc410/Documents/school/fall_2021/cs8803mas/PASRe/PARSe/functions/node_modules/firebase-functions/lib/index.js"} {"metadata":{"emulator":{"name":"functions"},"message":"[runtime-status] [68040] Resolved module firebase-functions {\"declared\":true,\"installed\":true,\"version\":\"3.16.0\",\"resolution\":\"/Users/patrickc410/Documents/school/fall_2021/cs8803mas/PASRe/PARSe/functions/node_modules/firebase-functions/lib/index.js\"}"}}
[debug] [2021-11-18T01:51:00.093Z] [runtime-status] [68040] Checked functions.config() {"config":{}} {"metadata":{"emulator":{"name":"functions"},"message":"[runtime-status] [68040] Checked functions.config() {\"config\":{}}"}}
[debug] [2021-11-18T01:51:00.093Z] [runtime-status] [68040] firebase-functions has been stubbed. {"functionsResolution":{"declared":true,"installed":true,"version":"3.16.0","resolution":"/Users/patrickc410/Documents/school/fall_2021/cs8803mas/PASRe/PARSe/functions/node_modules/firebase-functions/lib/index.js"}} {"metadata":{"emulator":{"name":"functions"},"message":"[runtime-status] [68040] firebase-functions has been stubbed. {\"functionsResolution\":{\"declared\":true,\"installed\":true,\"version\":\"3.16.0\",\"resolution\":\"/Users/patrickc410/Documents/school/fall_2021/cs8803mas/PASRe/PARSe/functions/node_modules/firebase-functions/lib/index.js\"}}"}}
[debug] [2021-11-18T01:51:00.094Z] [runtime-status] [68040] Resolved module firebase-functions {"declared":true,"installed":true,"version":"3.16.0","resolution":"/Users/patrickc410/Documents/school/fall_2021/cs8803mas/PASRe/PARSe/functions/node_modules/firebase-functions/lib/index.js"} {"metadata":{"emulator":{"name":"functions"},"message":"[runtime-status] [68040] Resolved module firebase-functions {\"declared\":true,\"installed\":true,\"version\":\"3.16.0\",\"resolution\":\"/Users/patrickc410/Documents/school/fall_2021/cs8803mas/PASRe/PARSe/functions/node_modules/firebase-functions/lib/index.js\"}"}}
[debug] [2021-11-18T01:51:00.094Z] [runtime-status] [68040] Resolved module firebase-admin {"declared":true,"installed":true,"version":"9.12.0","resolution":"/Users/patrickc410/Documents/school/fall_2021/cs8803mas/PASRe/PARSe/functions/node_modules/firebase-admin/lib/index.js"} {"metadata":{"emulator":{"name":"functions"},"message":"[runtime-status] [68040] Resolved module firebase-admin {\"declared\":true,\"installed\":true,\"version\":\"9.12.0\",\"resolution\":\"/Users/patrickc410/Documents/school/fall_2021/cs8803mas/PASRe/PARSe/functions/node_modules/firebase-admin/lib/index.js\"}"}}
[debug] [2021-11-18T01:51:00.095Z] [runtime-status] [68040] Resolved module firebase-functions {"declared":true,"installed":true,"version":"3.16.0","resolution":"/Users/patrickc410/Documents/school/fall_2021/cs8803mas/PASRe/PARSe/functions/node_modules/firebase-functions/lib/index.js"} {"metadata":{"emulator":{"name":"functions"},"message":"[runtime-status] [68040] Resolved module firebase-functions {\"declared\":true,\"installed\":true,\"version\":\"3.16.0\",\"resolution\":\"/Users/patrickc410/Documents/school/fall_2021/cs8803mas/PASRe/PARSe/functions/node_modules/firebase-functions/lib/index.js\"}"}}
[debug] [2021-11-18T01:51:00.095Z] [runtime-status] [68040] firebase-admin has been stubbed. {"adminResolution":{"declared":true,"installed":true,"version":"9.12.0","resolution":"/Users/patrickc410/Documents/school/fall_2021/cs8803mas/PASRe/PARSe/functions/node_modules/firebase-admin/lib/index.js"}} {"metadata":{"emulator":{"name":"functions"},"message":"[runtime-status] [68040] firebase-admin has been stubbed. {\"adminResolution\":{\"declared\":true,\"installed\":true,\"version\":\"9.12.0\",\"resolution\":\"/Users/patrickc410/Documents/school/fall_2021/cs8803mas/PASRe/PARSe/functions/node_modules/firebase-admin/lib/index.js\"}}"}}
[info] ✔  functions[us-central1-helloWorld]: http function initialized (http://localhost:5001/parse-cs8803mas/us-central1/helloWorld). {"metadata":{"emulator":{"name":"functions"},"message":"\u001b[1mhttp\u001b[22m function initialized (http://localhost:5001/parse-cs8803mas/us-central1/helloWorld)."}}
[debug] [2021-11-18T01:51:00.106Z] [worker-~diagnostic~-a3fcf4d4-d761-4ae7-bb97-fa30556557a1]: IDLE {"metadata":{"emulator":{"name":"functions"},"message":"[worker-~diagnostic~-a3fcf4d4-d761-4ae7-bb97-fa30556557a1]: IDLE"}}
[debug] [2021-11-18T01:51:00.130Z] TypeError: Cannot read properties of undefined (reading 'rows')
    at new Table (/Users/patrickc410/.nvm/versions/node/v16.10.0/lib/node_modules/firebase-tools/node_modules/cli-table/lib/index.js:51:15)
    at Command.actionFn (/Users/patrickc410/.nvm/versions/node/v16.10.0/lib/node_modules/firebase-tools/lib/commands/emulators-start.js:47:33)
    at processTicksAndRejections (node:internal/process/task_queues:96:5)
[error] 
[error] Error: An unexpected error has occurred.
[debug] [2021-11-18T01:54:23.809Z] ----------------------------------------------------------------------
[debug] [2021-11-18T01:54:23.811Z] Command:       /Users/patrickc410/.nvm/versions/node/v16.10.0/bin/node /Users/patrickc410/.nvm/versions/node/v16.10.0/bin/firebase emulators:start
[debug] [2021-11-18T01:54:23.812Z] CLI Version:   9.22.0
[debug] [2021-11-18T01:54:23.812Z] Platform:      darwin
[debug] [2021-11-18T01:54:23.812Z] Node Version:  v16.10.0
[debug] [2021-11-18T01:54:23.814Z] Time:          Wed Nov 17 2021 20:54:23 GMT-0500 (Eastern Standard Time)
[debug] [2021-11-18T01:54:23.814Z] ----------------------------------------------------------------------
[debug] 
[debug] [2021-11-18T01:54:23.884Z] > command requires scopes: ["email","openid","https://www.googleapis.com/auth/cloudplatformprojects.readonly","https://www.googleapis.com/auth/firebase","https://www.googleapis.com/auth/cloud-platform"]
[debug] [2021-11-18T01:54:23.884Z] > authorizing via signed-in user (pac410@gmail.com)
[info] i  emulators: Starting emulators: functions {"metadata":{"emulator":{"name":"hub"},"message":"Starting emulators: functions"}}
[warn] ⚠  emulators: It seems that you are running multiple instances of the emulator suite for project parse-cs8803mas. This may result in unexpected behavior. 
[debug] [2021-11-18T01:54:23.901Z] [hub] writing locator at /var/folders/lw/b9wzt9410g77l7j_mpfxp8c80000gn/T/hub-parse-cs8803mas.json
[warn] ⚠  functions: The following emulators are not running, calls to these services from the Functions emulator will affect production: auth, firestore, database, hosting, pubsub, storage {"metadata":{"emulator":{"name":"functions"},"message":"The following emulators are not running, calls to these services from the Functions emulator will affect production: \u001b[1mauth, firestore, database, hosting, pubsub, storage\u001b[22m"}}
[warn] ⚠  Your requested "node" version "14" doesn't match your global version "16" {"metadata":{"emulator":{"name":"functions"},"message":"Your requested \"node\" version \"14\" doesn't match your global version \"16\""}}
[warn] ⚠  functions: Your GOOGLE_APPLICATION_CREDENTIALS environment variable points to ./firebase/parse-cs8803mas-c83a44eabe15.json. Non-emulated services will access production using these credentials. Be careful! {"metadata":{"emulator":{"name":"functions"},"message":"Your GOOGLE_APPLICATION_CREDENTIALS environment variable points to ./firebase/parse-cs8803mas-c83a44eabe15.json. Non-emulated services will access production using these credentials. Be careful!"}}
[debug] [2021-11-18T01:54:23.933Z] >>> [apiv2][query] GET https://firebase.googleapis.com/v1beta1/projects/parse-cs8803mas/adminSdkConfig [none]
[debug] [2021-11-18T01:54:24.226Z] <<< [apiv2][status] GET https://firebase.googleapis.com/v1beta1/projects/parse-cs8803mas/adminSdkConfig 200
[debug] [2021-11-18T01:54:24.226Z] <<< [apiv2][body] GET https://firebase.googleapis.com/v1beta1/projects/parse-cs8803mas/adminSdkConfig {"projectId":"parse-cs8803mas","databaseURL":"https://parse-cs8803mas-default-rtdb.firebaseio.com","storageBucket":"parse-cs8803mas.appspot.com","locationId":"us-central"}
[warn] ⚠  ui: Emulator UI unable to start on port 4000, starting on 4002 instead. {"metadata":{"emulator":{"name":"ui"},"message":"Emulator UI unable to start on port 4000, starting on 4002 instead."}}
[debug] [2021-11-18T01:54:24.532Z] Ignoring unsupported arg: auto_download {"metadata":{"emulator":{"name":"ui"},"message":"Ignoring unsupported arg: auto_download"}}
[debug] [2021-11-18T01:54:24.532Z] Ignoring unsupported arg: port {"metadata":{"emulator":{"name":"ui"},"message":"Ignoring unsupported arg: port"}}
[debug] [2021-11-18T01:54:24.532Z] Starting Emulator UI with command {"binary":"node","args":["/Users/patrickc410/.cache/firebase/emulators/ui-v1.6.4/server.bundle.js"],"optionalArgs":[],"joinArgs":false} {"metadata":{"emulator":{"name":"ui"},"message":"Starting Emulator UI with command {\"binary\":\"node\",\"args\":[\"/Users/patrickc410/.cache/firebase/emulators/ui-v1.6.4/server.bundle.js\"],\"optionalArgs\":[],\"joinArgs\":false}"}}
[info] i  ui: Emulator UI logging to ui-debug.log {"metadata":{"emulator":{"name":"ui"},"message":"Emulator UI logging to \u001b[1mui-debug.log\u001b[22m"}}
[debug] [2021-11-18T01:54:24.660Z] Web / API server started at localhost:4002
 {"metadata":{"emulator":{"name":"ui"},"message":"Web / API server started at localhost:4002\n"}}
[info] i  functions: Watching "/Users/patrickc410/Documents/school/fall_2021/cs8803mas/PASRe/PARSe/functions" for Cloud Functions... {"metadata":{"emulator":{"name":"functions"},"message":"Watching \"/Users/patrickc410/Documents/school/fall_2021/cs8803mas/PASRe/PARSe/functions\" for Cloud Functions..."}}
[debug] [2021-11-18T01:54:24.816Z] [worker-pool] addWorker(~diagnostic~) {"metadata":{"emulator":{"name":"functions"},"message":"[worker-pool] addWorker(~diagnostic~)"}}
[debug] [2021-11-18T01:54:24.817Z] [worker-pool] Adding worker with key ~diagnostic~, total=1 {"metadata":{"emulator":{"name":"functions"},"message":"[worker-pool] Adding worker with key ~diagnostic~, total=1"}}
[debug] [2021-11-18T01:54:24.817Z] [worker-pool] submitWork(triggerId=) {"metadata":{"emulator":{"name":"functions"},"message":"[worker-pool] submitWork(triggerId=)"}}
[debug] [2021-11-18T01:54:24.818Z] [worker-~diagnostic~-f755e8c7-b89e-40dc-87a4-dcab6d577ecb]: Assigning socketPath: /var/folders/lw/b9wzt9410g77l7j_mpfxp8c80000gn/T/fire_emu_68169.sock {"metadata":{"emulator":{"name":"functions"},"message":"[worker-~diagnostic~-f755e8c7-b89e-40dc-87a4-dcab6d577ecb]: Assigning socketPath: /var/folders/lw/b9wzt9410g77l7j_mpfxp8c80000gn/T/fire_emu_68169.sock"}}
[debug] [2021-11-18T01:54:24.818Z] [worker-~diagnostic~-f755e8c7-b89e-40dc-87a4-dcab6d577ecb]: BUSY {"metadata":{"emulator":{"name":"functions"},"message":"[worker-~diagnostic~-f755e8c7-b89e-40dc-87a4-dcab6d577ecb]: BUSY"}}
[debug] [2021-11-18T01:54:24.963Z] [runtime-status] [68169] Functions runtime initialized. {"cwd":"/Users/patrickc410/Documents/school/fall_2021/cs8803mas/PASRe/PARSe/functions","node_version":"16.10.0"} {"metadata":{"emulator":{"name":"functions"},"message":"[runtime-status] [68169] Functions runtime initialized. {\"cwd\":\"/Users/patrickc410/Documents/school/fall_2021/cs8803mas/PASRe/PARSe/functions\",\"node_version\":\"16.10.0\"}"}}
[debug] [2021-11-18T01:54:24.963Z] [runtime-status] [68169] Disabled runtime features: undefined {"metadata":{"emulator":{"name":"functions"},"message":"[runtime-status] [68169] Disabled runtime features: undefined"}}
[debug] [2021-11-18T01:54:24.966Z] [runtime-status] [68169] Resolved module firebase-admin {"declared":true,"installed":true,"version":"9.12.0","resolution":"/Users/patrickc410/Documents/school/fall_2021/cs8803mas/PASRe/PARSe/functions/node_modules/firebase-admin/lib/index.js"} {"metadata":{"emulator":{"name":"functions"},"message":"[runtime-status] [68169] Resolved module firebase-admin {\"declared\":true,\"installed\":true,\"version\":\"9.12.0\",\"resolution\":\"/Users/patrickc410/Documents/school/fall_2021/cs8803mas/PASRe/PARSe/functions/node_modules/firebase-admin/lib/index.js\"}"}}
[debug] [2021-11-18T01:54:24.969Z] [runtime-status] [68169] Resolved module firebase-functions {"declared":true,"installed":true,"version":"3.16.0","resolution":"/Users/patrickc410/Documents/school/fall_2021/cs8803mas/PASRe/PARSe/functions/node_modules/firebase-functions/lib/index.js"} {"metadata":{"emulator":{"name":"functions"},"message":"[runtime-status] [68169] Resolved module firebase-functions {\"declared\":true,\"installed\":true,\"version\":\"3.16.0\",\"resolution\":\"/Users/patrickc410/Documents/school/fall_2021/cs8803mas/PASRe/PARSe/functions/node_modules/firebase-functions/lib/index.js\"}"}}
[debug] [2021-11-18T01:54:24.970Z] [runtime-status] [68169] Outgoing network have been stubbed. [{"name":"http","status":"mocked"},{"name":"http","status":"mocked"},{"name":"https","status":"mocked"},{"name":"https","status":"mocked"},{"name":"net","status":"mocked"}] {"metadata":{"emulator":{"name":"functions"},"message":"[runtime-status] [68169] Outgoing network have been stubbed. [{\"name\":\"http\",\"status\":\"mocked\"},{\"name\":\"http\",\"status\":\"mocked\"},{\"name\":\"https\",\"status\":\"mocked\"},{\"name\":\"https\",\"status\":\"mocked\"},{\"name\":\"net\",\"status\":\"mocked\"}]"}}
[debug] [2021-11-18T01:54:24.971Z] [runtime-status] [68169] Resolved module firebase-functions {"declared":true,"installed":true,"version":"3.16.0","resolution":"/Users/patrickc410/Documents/school/fall_2021/cs8803mas/PASRe/PARSe/functions/node_modules/firebase-functions/lib/index.js"} {"metadata":{"emulator":{"name":"functions"},"message":"[runtime-status] [68169] Resolved module firebase-functions {\"declared\":true,\"installed\":true,\"version\":\"3.16.0\",\"resolution\":\"/Users/patrickc410/Documents/school/fall_2021/cs8803mas/PASRe/PARSe/functions/node_modules/firebase-functions/lib/index.js\"}"}}
[debug] [2021-11-18T01:54:25.037Z] [runtime-status] [68169] Checked functions.config() {"config":{}} {"metadata":{"emulator":{"name":"functions"},"message":"[runtime-status] [68169] Checked functions.config() {\"config\":{}}"}}
[debug] [2021-11-18T01:54:25.037Z] [runtime-status] [68169] firebase-functions has been stubbed. {"functionsResolution":{"declared":true,"installed":true,"version":"3.16.0","resolution":"/Users/patrickc410/Documents/school/fall_2021/cs8803mas/PASRe/PARSe/functions/node_modules/firebase-functions/lib/index.js"}} {"metadata":{"emulator":{"name":"functions"},"message":"[runtime-status] [68169] firebase-functions has been stubbed. {\"functionsResolution\":{\"declared\":true,\"installed\":true,\"version\":\"3.16.0\",\"resolution\":\"/Users/patrickc410/Documents/school/fall_2021/cs8803mas/PASRe/PARSe/functions/node_modules/firebase-functions/lib/index.js\"}}"}}
[debug] [2021-11-18T01:54:25.037Z] [runtime-status] [68169] Resolved module firebase-functions {"declared":true,"installed":true,"version":"3.16.0","resolution":"/Users/patrickc410/Documents/school/fall_2021/cs8803mas/PASRe/PARSe/functions/node_modules/firebase-functions/lib/index.js"} {"metadata":{"emulator":{"name":"functions"},"message":"[runtime-status] [68169] Resolved module firebase-functions {\"declared\":true,\"installed\":true,\"version\":\"3.16.0\",\"resolution\":\"/Users/patrickc410/Documents/school/fall_2021/cs8803mas/PASRe/PARSe/functions/node_modules/firebase-functions/lib/index.js\"}"}}
[debug] [2021-11-18T01:54:25.039Z] [runtime-status] [68169] Resolved module firebase-admin {"declared":true,"installed":true,"version":"9.12.0","resolution":"/Users/patrickc410/Documents/school/fall_2021/cs8803mas/PASRe/PARSe/functions/node_modules/firebase-admin/lib/index.js"} {"metadata":{"emulator":{"name":"functions"},"message":"[runtime-status] [68169] Resolved module firebase-admin {\"declared\":true,\"installed\":true,\"version\":\"9.12.0\",\"resolution\":\"/Users/patrickc410/Documents/school/fall_2021/cs8803mas/PASRe/PARSe/functions/node_modules/firebase-admin/lib/index.js\"}"}}
[debug] [2021-11-18T01:54:25.039Z] [runtime-status] [68169] Resolved module firebase-functions {"declared":true,"installed":true,"version":"3.16.0","resolution":"/Users/patrickc410/Documents/school/fall_2021/cs8803mas/PASRe/PARSe/functions/node_modules/firebase-functions/lib/index.js"} {"metadata":{"emulator":{"name":"functions"},"message":"[runtime-status] [68169] Resolved module firebase-functions {\"declared\":true,\"installed\":true,\"version\":\"3.16.0\",\"resolution\":\"/Users/patrickc410/Documents/school/fall_2021/cs8803mas/PASRe/PARSe/functions/node_modules/firebase-functions/lib/index.js\"}"}}
[debug] [2021-11-18T01:54:25.039Z] [runtime-status] [68169] firebase-admin has been stubbed. {"adminResolution":{"declared":true,"installed":true,"version":"9.12.0","resolution":"/Users/patrickc410/Documents/school/fall_2021/cs8803mas/PASRe/PARSe/functions/node_modules/firebase-admin/lib/index.js"}} {"metadata":{"emulator":{"name":"functions"},"message":"[runtime-status] [68169] firebase-admin has been stubbed. {\"adminResolution\":{\"declared\":true,\"installed\":true,\"version\":\"9.12.0\",\"resolution\":\"/Users/patrickc410/Documents/school/fall_2021/cs8803mas/PASRe/PARSe/functions/node_modules/firebase-admin/lib/index.js\"}}"}}
[info] ✔  functions[us-central1-helloWorld]: http function initialized (http://localhost:5001/parse-cs8803mas/us-central1/helloWorld). {"metadata":{"emulator":{"name":"functions"},"message":"\u001b[1mhttp\u001b[22m function initialized (http://localhost:5001/parse-cs8803mas/us-central1/helloWorld)."}}
[debug] [2021-11-18T01:54:25.050Z] [worker-~diagnostic~-f755e8c7-b89e-40dc-87a4-dcab6d577ecb]: IDLE {"metadata":{"emulator":{"name":"functions"},"message":"[worker-~diagnostic~-f755e8c7-b89e-40dc-87a4-dcab6d577ecb]: IDLE"}}
[debug] [2021-11-18T01:54:25.073Z] TypeError: Cannot read properties of undefined (reading 'rows')
    at new Table (/Users/patrickc410/.nvm/versions/node/v16.10.0/lib/node_modules/firebase-tools/node_modules/cli-table/lib/index.js:51:15)
    at Command.actionFn (/Users/patrickc410/.nvm/versions/node/v16.10.0/lib/node_modules/firebase-tools/lib/commands/emulators-start.js:47:33)
    at processTicksAndRejections (node:internal/process/task_queues:96:5)
[error] 
[error] Error: An unexpected error has occurred.
